0 info it worked if it ends with ok
1 verbose cli [ '/usr/bin/node', '/usr/bin/npm', 'install', '-g' ]
2 info using npm@1.4.28
3 info using node@v0.10.37
4 verbose node symlink /usr/bin/node
5 verbose cache add [ '.', null ]
6 verbose cache add name=undefined spec="." args=[".",null]
7 verbose parsed url { protocol: null,
7 verbose parsed url   slashes: null,
7 verbose parsed url   auth: null,
7 verbose parsed url   host: null,
7 verbose parsed url   port: null,
7 verbose parsed url   hostname: null,
7 verbose parsed url   hash: null,
7 verbose parsed url   search: null,
7 verbose parsed url   query: null,
7 verbose parsed url   pathname: '.',
7 verbose parsed url   path: '.',
7 verbose parsed url   href: '.' }
8 silly lockFile 3a52ce78- .
9 verbose lock . /home/jose/.npm/3a52ce78-.lock
10 verbose tar pack [ '/home/jose/.npm/Streaming/0.1.0/package.tgz', '.' ]
11 verbose tarball /home/jose/.npm/Streaming/0.1.0/package.tgz
12 verbose folder .
13 info prepublish Streaming@0.1.0
14 silly lockFile 1f1177db-tar tar://.
15 verbose lock tar://. /home/jose/.npm/1f1177db-tar.lock
16 silly lockFile 42dea2a5--npm-Streaming-0-1-0-package-tgz tar:///home/jose/.npm/Streaming/0.1.0/package.tgz
17 verbose lock tar:///home/jose/.npm/Streaming/0.1.0/package.tgz /home/jose/.npm/42dea2a5--npm-Streaming-0-1-0-package-tgz.lock
18 silly lockFile 1f1177db-tar tar://.
19 silly lockFile 1f1177db-tar tar://.
20 silly lockFile 42dea2a5--npm-Streaming-0-1-0-package-tgz tar:///home/jose/.npm/Streaming/0.1.0/package.tgz
21 silly lockFile 42dea2a5--npm-Streaming-0-1-0-package-tgz tar:///home/jose/.npm/Streaming/0.1.0/package.tgz
22 silly lockFile 9a109563-jose-npm-Streaming-0-1-0-package /home/jose/.npm/Streaming/0.1.0/package
23 verbose lock /home/jose/.npm/Streaming/0.1.0/package /home/jose/.npm/9a109563-jose-npm-Streaming-0-1-0-package.lock
24 silly lockFile 9a109563-jose-npm-Streaming-0-1-0-package /home/jose/.npm/Streaming/0.1.0/package
25 silly lockFile 9a109563-jose-npm-Streaming-0-1-0-package /home/jose/.npm/Streaming/0.1.0/package
26 silly lockFile 3a52ce78- .
27 silly lockFile 3a52ce78- .
28 silly resolved [ { name: 'Streaming',
28 silly resolved     version: '0.1.0',
28 silly resolved     scripts: { start: 'node app' },
28 silly resolved     dependencies:
28 silly resolved      { express: '*',
28 silly resolved        mongoose: '*',
28 silly resolved        'node-gcm': '*',
28 silly resolved        underscore: '*',
28 silly resolved        request: '*',
28 silly resolved        morgan: '*',
28 silly resolved        'method-override': '*',
28 silly resolved        'express-session': '*',
28 silly resolved        'body-parser': '*',
28 silly resolved        errorhandler: '*',
28 silly resolved        passport: '*',
28 silly resolved        moment: '~2.4.0',
28 silly resolved        formidable: '*' },
28 silly resolved     description: 'Streaming Server',
28 silly resolved     repository: { type: 'git', url: 'Bitbucket' },
28 silly resolved     readme: 'CryptULL ATLAS Streaming Web',
28 silly resolved     readmeFilename: 'README.txt',
28 silly resolved     _id: 'Streaming@0.1.0',
28 silly resolved     _shasum: 'c241b9b8b267b1ec47971a2f4a2e9d0a9ed690e5',
28 silly resolved     _from: '.' } ]
29 info install Streaming@0.1.0 into /usr/lib
30 info installOne Streaming@0.1.0
31 verbose lib/node_modules/Streaming unbuild
32 verbose tar unpack /home/jose/.npm/Streaming/0.1.0/package.tgz
33 silly lockFile f6da6141-r-usr-lib-node-modules-Streaming tar:///usr/lib/node_modules/Streaming
34 verbose lock tar:///usr/lib/node_modules/Streaming /home/jose/.npm/f6da6141-r-usr-lib-node-modules-Streaming.lock
35 silly lockFile 42dea2a5--npm-Streaming-0-1-0-package-tgz tar:///home/jose/.npm/Streaming/0.1.0/package.tgz
36 verbose lock tar:///home/jose/.npm/Streaming/0.1.0/package.tgz /home/jose/.npm/42dea2a5--npm-Streaming-0-1-0-package-tgz.lock
37 silly gunzTarPerm modes [ '755', '644' ]
38 error Error: EACCES, mkdir '/usr/lib/node_modules/Streaming'
38 error  { [Error: EACCES, mkdir '/usr/lib/node_modules/Streaming']
38 error   errno: 3,
38 error   code: 'EACCES',
38 error   path: '/usr/lib/node_modules/Streaming',
38 error   fstream_type: 'Directory',
38 error   fstream_path: '/usr/lib/node_modules/Streaming',
38 error   fstream_class: 'DirWriter',
38 error   fstream_stack:
38 error    [ '/usr/lib/node_modules/npm/node_modules/fstream/lib/dir-writer.js:36:23',
38 error      '/usr/lib/node_modules/npm/node_modules/mkdirp/index.js:46:53',
38 error      'Object.oncomplete (fs.js:108:15)' ] }
39 error Please try running this command again as root/Administrator.
40 error System Linux 3.13.0-37-generic
41 error command "/usr/bin/node" "/usr/bin/npm" "install" "-g"
42 error cwd /home/jose/Escritorio/tfg2016-streamingserver-b35a71113ab5
43 error node -v v0.10.37
44 error npm -v 1.4.28
45 error path /usr/lib/node_modules/Streaming
46 error fstream_path /usr/lib/node_modules/Streaming
47 error fstream_type Directory
48 error fstream_class DirWriter
49 error code EACCES
50 error errno 3
51 error stack Error: EACCES, mkdir '/usr/lib/node_modules/Streaming'
52 error fstream_stack /usr/lib/node_modules/npm/node_modules/fstream/lib/dir-writer.js:36:23
52 error fstream_stack /usr/lib/node_modules/npm/node_modules/mkdirp/index.js:46:53
52 error fstream_stack Object.oncomplete (fs.js:108:15)
53 verbose exit [ 3, true ]
